<?xml version="1.0" encoding="UTF-8"?>
<!-- Generated by org.testng.reporters.JUnitReportReporter -->
<testsuite skipped="0" hostname="DESKTOP-SCP6E2R" name="org.example.Runners.Runners" tests="17" failures="2" timestamp="2022-06-17T15:19:23 EET" time="148.102" errors="1">
  <testcase name="runScenario" time="7.324" classname="org.example.Runners.Runners">
    <failure type="java.lang.AssertionError" message="URL after click on Second Slide expected [https://demo.nopcommerce.com/iphone-6] but found [https://demo.nopcommerce.com/]">
      <![CDATA[java.lang.AssertionError: URL after click on Second Slide expected [https://demo.nopcommerce.com/iphone-6] but found [https://demo.nopcommerce.com/]
at org.testng.Assert.fail(Assert.java:110)
at org.testng.Assert.failNotEquals(Assert.java:1413)
at org.testng.Assert.assertEqualsImpl(Assert.java:149)
at org.testng.Assert.assertEquals(Assert.java:131)
at org.testng.Assert.assertEquals(Assert.java:655)
at org.example.StepDefinition.D06_HomeSliders.second_slide_displayed(D06_HomeSliders.java:36)
at ✽.relative product for second slider is displayed(file:///C:/Users/Family/Downloads/IslamAminECommerceAutomationProjFwd/src/main/resources/features/F06_HomeSliders.feature:11)
]]>
    </failure>
  </testcase> <!-- runScenario -->
  <system-out/>
  <testcase name="runScenario" time="10.645" classname="org.example.Runners.Runners"/>
  <system-out/>
  <testcase name="runScenario" time="9.280" classname="org.example.Runners.Runners"/>
  <system-out/>
  <testcase name="runScenario" time="6.495" classname="org.example.Runners.Runners"/>
  <system-out/>
  <testcase name="runScenario" time="11.037" classname="org.example.Runners.Runners">
    <error type="java.lang.IndexOutOfBoundsException" message="Index: 1, Size: 1">
      <![CDATA[java.lang.IndexOutOfBoundsException: Index: 1, Size: 1
at java.util.ArrayList.rangeCheck(ArrayList.java:659)
at java.util.ArrayList.get(ArrayList.java:435)
at org.example.StepDefinition.D07_FollowUsStepDef.opens_new_tab(D07_FollowUsStepDef.java:23)
at ✽."https://demo.nopcommerce.com/new-online-store-is-open" is opened in new tab(file:///C:/Users/Family/Downloads/IslamAminECommerceAutomationProjFwd/src/main/resources/features/F07_FollowUs.feature:22)
]]>
    </error>
  </testcase> <!-- runScenario -->
  <system-out/>
  <testcase name="runScenario" time="10.617" classname="org.example.Runners.Runners"/>
  <system-out/>
  <testcase name="runScenario" time="7.742" classname="org.example.Runners.Runners"/>
  <system-out/>
  <testcase name="runScenario" time="10.711" classname="org.example.Runners.Runners"/>
  <system-out/>
  <testcase name="runScenario" time="8.240" classname="org.example.Runners.Runners"/>
  <system-out/>
  <testcase name="runScenario" time="6.761" classname="org.example.Runners.Runners"/>
  <system-out/>
  <testcase name="runScenario" time="6.471" classname="org.example.Runners.Runners"/>
  <system-out/>
  <testcase name="runScenario" time="10.933" classname="org.example.Runners.Runners"/>
  <system-out/>
  <testcase name="runScenario" time="8.972" classname="org.example.Runners.Runners"/>
  <system-out/>
  <testcase name="runScenario" time="9.841" classname="org.example.Runners.Runners"/>
  <system-out/>
  <testcase name="runScenario" time="8.642" classname="org.example.Runners.Runners"/>
  <system-out/>
  <testcase name="runScenario" time="6.511" classname="org.example.Runners.Runners"/>
  <system-out/>
  <testcase name="runScenario" time="7.880" classname="org.example.Runners.Runners">
    <failure type="java.lang.AssertionError" message="URL after click on First Slide expected [https://demo.nopcommerce.com/nokia-lumia-1020] but found [https://demo.nopcommerce.com/]">
      <![CDATA[java.lang.AssertionError: URL after click on First Slide expected [https://demo.nopcommerce.com/nokia-lumia-1020] but found [https://demo.nopcommerce.com/]
at org.testng.Assert.fail(Assert.java:110)
at org.testng.Assert.failNotEquals(Assert.java:1413)
at org.testng.Assert.assertEqualsImpl(Assert.java:149)
at org.testng.Assert.assertEquals(Assert.java:131)
at org.testng.Assert.assertEquals(Assert.java:655)
at org.example.StepDefinition.D06_HomeSliders.first_slide_displayed(D06_HomeSliders.java:22)
at ✽.relative product for first slider is displayed(file:///C:/Users/Family/Downloads/IslamAminECommerceAutomationProjFwd/src/main/resources/features/F06_HomeSliders.feature:6)
]]>
    </failure>
  </testcase> <!-- runScenario -->
  <system-out/>
</testsuite> <!-- org.example.Runners.Runners -->
